0 info it worked if it ends with ok
1 verbose cli [ 'C:\\Program Files (x86)\\nodejs\\\\node.exe',
1 verbose cli   'C:\\Program Files (x86)\\nodejs\\node_modules\\npm\\bin\\npm-cli.js',
1 verbose cli   'install',
1 verbose cli   'csvtojson' ]
2 info using npm@1.4.23
3 info using node@v0.10.31
4 verbose node symlink C:\Program Files (x86)\nodejs\\node.exe
5 warn package.json csv2json@1.0.0 No repository field.
6 verbose readDependencies using package.json deps
7 verbose cache add [ 'csvtojson@1.0.0', null ]
8 verbose cache add name=undefined spec="csvtojson@1.0.0" args=["csvtojson@1.0.0",null]
9 verbose parsed url { protocol: null,
9 verbose parsed url   slashes: null,
9 verbose parsed url   auth: null,
9 verbose parsed url   host: null,
9 verbose parsed url   port: null,
9 verbose parsed url   hostname: null,
9 verbose parsed url   hash: null,
9 verbose parsed url   search: null,
9 verbose parsed url   query: null,
9 verbose parsed url   pathname: 'csvtojson@1.0.0',
9 verbose parsed url   path: 'csvtojson@1.0.0',
9 verbose parsed url   href: 'csvtojson@1.0.0' }
10 verbose cache add name="csvtojson" spec="1.0.0" args=["csvtojson","1.0.0"]
11 verbose parsed url { protocol: null,
11 verbose parsed url   slashes: null,
11 verbose parsed url   auth: null,
11 verbose parsed url   host: null,
11 verbose parsed url   port: null,
11 verbose parsed url   hostname: null,
11 verbose parsed url   hash: null,
11 verbose parsed url   search: null,
11 verbose parsed url   query: null,
11 verbose parsed url   pathname: '1.0.0',
11 verbose parsed url   path: '1.0.0',
11 verbose parsed url   href: '1.0.0' }
12 verbose addNamed [ 'csvtojson', '1.0.0' ]
13 verbose addNamed [ '1.0.0', '1.0.0' ]
14 silly lockFile d415cd02-csvtojson-1-0-0 csvtojson@1.0.0
15 verbose lock csvtojson@1.0.0 C:\Users\amey\AppData\Roaming\npm-cache\d415cd02-csvtojson-1-0-0.lock
16 verbose request where is /csvtojson
17 verbose request registry https://registry.npmjs.org/
18 verbose request id e86edccef573d1d1
19 verbose url raw /csvtojson
20 verbose url resolving [ 'https://registry.npmjs.org/', './csvtojson' ]
21 verbose url resolved https://registry.npmjs.org/csvtojson
22 verbose request where is https://registry.npmjs.org/csvtojson
23 info trying registry request attempt 1 at 17:18:51
24 verbose etag "3VF93IWRSR9KOEZF8L4W6OEHS"
25 http GET https://registry.npmjs.org/csvtojson
26 http 304 https://registry.npmjs.org/csvtojson
27 silly registry.get cb [ 304,
27 silly registry.get   { date: 'Fri, 10 Oct 2014 11:47:27 GMT',
27 silly registry.get     server: 'Apache',
27 silly registry.get     via: '1.1 varnish',
27 silly registry.get     'last-modified': 'Fri, 10 Oct 2014 11:47:28 GMT',
27 silly registry.get     'cache-control': 'max-age=60',
27 silly registry.get     etag: '"3VF93IWRSR9KOEZF8L4W6OEHS"',
27 silly registry.get     'x-served-by': 'cache-syd1620-SYD',
27 silly registry.get     'x-cache': 'HIT',
27 silly registry.get     'x-cache-hits': '1',
27 silly registry.get     'x-timer': 'S1412941647.721269,VS0,VE984',
27 silly registry.get     vary: 'Accept',
27 silly registry.get     'content-length': '0',
27 silly registry.get     'keep-alive': 'timeout=10, max=50',
27 silly registry.get     connection: 'Keep-Alive' } ]
28 verbose etag https://registry.npmjs.org/csvtojson from cache
29 silly lockFile d415cd02-csvtojson-1-0-0 csvtojson@1.0.0
30 silly lockFile d415cd02-csvtojson-1-0-0 csvtojson@1.0.0
31 error Error: version not found: csvtojson@1.0.0
31 error     at C:\Program Files (x86)\nodejs\node_modules\npm\lib\cache\add-named.js:125:12
31 error     at saved (C:\Program Files (x86)\nodejs\node_modules\npm\node_modules\npm-registry-client\lib\get.js:167:7)
31 error     at Object.oncomplete (fs.js:107:15)
32 error If you need help, you may report this *entire* log,
32 error including the npm and node versions, at:
32 error     <http://github.com/npm/npm/issues>
33 error System Windows_NT 6.1.7601
34 error command "C:\\Program Files (x86)\\nodejs\\\\node.exe" "C:\\Program Files (x86)\\nodejs\\node_modules\\npm\\bin\\npm-cli.js" "install" "csvtojson"
35 error cwd D:\gim
36 error node -v v0.10.31
37 error npm -v 1.4.23
38 verbose exit [ 1, true ]
